<?xml version="1.0" encoding="UTF-8"?>
<!-- Generated by org.testng.reporters.JUnitReportReporter -->
<testsuite hostname="DESKTOP-PILQA90" name="com.zhuhaibing.baoko.testcase.LoginTest" tests="1" failures="0" timestamp="10 Jul 2018 07:17:26 GMT" time="5.576" errors="0">
  <testcase name="test" time="5.576" classname="com.zhuhaibing.baoko.testcase.LoginTest"/>
</testsuite> <!-- com.zhuhaibing.baoko.testcase.LoginTest -->
